<?xml version="1.0" encoding="UTF-8"?>
<!-- Generated by org.testng.reporters.JUnitReportReporter -->
<testsuite hostname="LMPITSJ8NH6Q3" failures="0" tests="2" name="tests.Homepage.RegularizeAttendance" time="24.414" errors="0" timestamp="2022-11-07T22:14:12 IST" skipped="0">
  <testcase classname="tests.Homepage.RegularizeAttendance" name="historicalAttendance" time="8.026"/>
  <system-out/>
  <testcase classname="tests.Homepage.RegularizeAttendance" name="activeAttendance" time="16.388"/>
  <system-out/>
</testsuite> <!-- tests.Homepage.RegularizeAttendance -->
