<?xml version="1.0" encoding="UTF-8"?>
<!-- Generated by org.testng.reporters.JUnitReportReporter -->
<testsuite hostname="LMPITSJ8NH6Q3" failures="0" tests="2" name="tests.ValidateHomepageLinks" time="70.221" errors="0" timestamp="2022-11-07T12:28:21 IST" skipped="0">
  <testcase classname="tests.ValidateHomepageLinks" name="homepageLink" time="44.882"/>
  <system-out/>
  <testcase classname="tests.ValidateHomepageLinks" name="validateRightPanelText" time="25.339"/>
  <system-out/>
</testsuite> <!-- tests.ValidateHomepageLinks -->
