<?xml version="1.0" encoding="UTF-8"?>
<!-- Generated by org.testng.reporters.JUnitReportReporter -->
<testsuite hostname="LMPITSJ8NH6Q3" failures="0" tests="2" name="tests.LoginPage" time="14.772" errors="0" timestamp="2022-11-08T17:34:30 IST" skipped="1">
  <testcase classname="tests.LoginPage" name="validatelogin" time="14.772"/>
  <system-out/>
  <testcase classname="tests.LoginPage" name="validateLogout">
    <skipped/>
  </testcase> <!-- validateLogout -->
  <system-out/>
</testsuite> <!-- tests.LoginPage -->
