<?xml version="1.0" encoding="UTF-8"?>
<!-- Generated by org.testng.reporters.JUnitReportReporter -->
<testsuite hostname="LMPITSJ8NH6Q3" failures="0" tests="2" name="tests.managerMyTeamApproval.pendingLeaveRequest.MgrMyTeamLeaveRequestTest" time="29.906" errors="0" timestamp="2022-11-30T22:54:48 IST" skipped="0">
  <testcase classname="tests.managerMyTeamApproval.pendingLeaveRequest.MgrMyTeamLeaveRequestTest" name="validateManagerMyPendingAction" time="0.095"/>
  <system-out/>
  <testcase classname="tests.managerMyTeamApproval.pendingLeaveRequest.MgrMyTeamLeaveRequestTest" name="validateMyTeamLeaveRequest" time="29.811"/>
  <system-out/>
</testsuite> <!-- tests.managerMyTeamApproval.pendingLeaveRequest.MgrMyTeamLeaveRequestTest -->
