<?xml version="1.0" encoding="UTF-8"?>
<!-- Generated by org.testng.reporters.JUnitReportReporter -->
<testsuite hostname="LMPITSJ8NH6Q3" failures="0" tests="1" name="tests.ValidateHomepageElements" time="21.345" errors="0" timestamp="2022-11-04T19:14:17 IST" skipped="0">
  <testcase classname="tests.ValidateHomepageElements" name="homepageElements" time="21.345"/>
  <system-out/>
</testsuite> <!-- tests.ValidateHomepageElements -->
