<?xml version="1.0" encoding="UTF-8"?>
<!-- Generated by org.testng.reporters.JUnitReportReporter -->
<testsuite hostname="LMPITSJ8NH6Q3" failures="0" tests="2" name="tests.managerMyTeamApproval.pendingException.MgrPendingExceptionsTest" time="5.059" errors="0" timestamp="2022-12-03T18:10:12 IST" skipped="0">
  <testcase classname="tests.managerMyTeamApproval.pendingException.MgrPendingExceptionsTest" name="validateMgrEmpDetails" time="5.035"/>
  <system-out/>
  <testcase classname="tests.managerMyTeamApproval.pendingException.MgrPendingExceptionsTest" name="validateManagerException1" time="0.024"/>
  <system-out/>
</testsuite> <!-- tests.managerMyTeamApproval.pendingException.MgrPendingExceptionsTest -->
