<?xml version="1.0" encoding="UTF-8"?>
<!-- Generated by org.testng.reporters.JUnitReportReporter -->
<testsuite hostname="LMPITSJ8NH6Q3" failures="0" tests="1" name="tests.myDetails.myException.MyExceptionHistory" time="12.065" errors="0" timestamp="2022-11-21T17:42:41 IST" skipped="0">
  <testcase classname="tests.myDetails.myException.MyExceptionHistory" name="validateMyExcepHist" time="12.065"/>
  <system-out/>
</testsuite> <!-- tests.myDetails.myException.MyExceptionHistory -->
