<?xml version="1.0" encoding="UTF-8"?>
<!-- Generated by org.testng.reporters.JUnitReportReporter -->
<testsuite hostname="LMPITSJ8NH6Q3" failures="0" tests="6" name="tests.Homepage.RegularizeAttendance" time="87.390" errors="0" timestamp="2022-12-13T12:46:54 IST" skipped="1">
  <testcase classname="tests.Homepage.RegularizeAttendance" name="activeAttendance" time="9.066"/>
  <system-out/>
  <testcase classname="tests.Homepage.RegularizeAttendance" name="validateUserLogout" time="7.855"/>
  <system-out/>
  <testcase classname="tests.Homepage.RegularizeAttendance" name="validateMgrPendingExceptionFlow" time="43.818"/>
  <system-out/>
  <testcase classname="tests.Homepage.RegularizeAttendance" name="validateManagerLogout" time="7.562"/>
  <system-out/>
  <testcase classname="tests.Homepage.RegularizeAttendance" name="validateUserAppliedAttendance" time="19.089"/>
  <system-out/>
  <testcase classname="tests.Homepage.RegularizeAttendance" name="historicalAttendance">
    <skipped/>
  </testcase> <!-- historicalAttendance -->
  <system-out/>
</testsuite> <!-- tests.Homepage.RegularizeAttendance -->
