<?xml version="1.0" encoding="UTF-8"?>
<!-- Generated by org.testng.reporters.JUnitReportReporter -->
<testsuite hostname="LMPITSJ8NH6Q3" failures="0" tests="1" name="tests.mainMyLeaves.myLeaves.LeaveBalance" time="35.920" errors="0" timestamp="2022-12-10T13:32:49 IST" skipped="0">
  <testcase classname="tests.mainMyLeaves.myLeaves.LeaveBalance" name="validateLeaveBalance" time="35.920"/>
  <system-out/>
</testsuite> <!-- tests.mainMyLeaves.myLeaves.LeaveBalance -->
