<?xml version="1.0" encoding="UTF-8"?>
<!-- Generated by org.testng.reporters.JUnitReportReporter -->
<testsuite hostname="DESKTOP-5TCP881" failures="0" tests="6" name="tests.Homepage.RegularizeAttendance" time="57.997" errors="0" timestamp="2022-12-15T18:31:28 IST" skipped="5">
  <testcase classname="tests.Homepage.RegularizeAttendance" name="activeAttendance" time="57.997"/>
  <system-out/>
  <testcase classname="tests.Homepage.RegularizeAttendance" name="validateUserAppliedAttendance">
    <skipped/>
  </testcase> <!-- validateUserAppliedAttendance -->
  <system-out/>
  <testcase classname="tests.Homepage.RegularizeAttendance" name="validateUserLogout">
    <skipped/>
  </testcase> <!-- validateUserLogout -->
  <system-out/>
  <testcase classname="tests.Homepage.RegularizeAttendance" name="validateManagerLogout">
    <skipped/>
  </testcase> <!-- validateManagerLogout -->
  <system-out/>
  <testcase classname="tests.Homepage.RegularizeAttendance" name="historicalAttendance">
    <skipped/>
  </testcase> <!-- historicalAttendance -->
  <system-out/>
  <testcase classname="tests.Homepage.RegularizeAttendance" name="validateMgrPendingExceptionFlow">
    <skipped/>
  </testcase> <!-- validateMgrPendingExceptionFlow -->
  <system-out/>
</testsuite> <!-- tests.Homepage.RegularizeAttendance -->
