<?xml version="1.0" encoding="UTF-8"?>
<!-- Generated by org.testng.reporters.JUnitReportReporter -->
<testsuite hostname="LMPITSJ8NH6Q3" failures="0" tests="3" name="tests.Homepage.ValidateExceptionLeavesPendingActions" time="44.512" errors="0" timestamp="2022-12-07T20:53:30 IST" skipped="0">
  <testcase classname="tests.Homepage.ValidateExceptionLeavesPendingActions" name="validateMyException" time="24.007"/>
  <system-out/>
  <testcase classname="tests.Homepage.ValidateExceptionLeavesPendingActions" name="validatePendingLeave" time="20.290"/>
  <system-out/>
  <testcase classname="tests.Homepage.ValidateExceptionLeavesPendingActions" name="validateMyPendingAction" time="0.215"/>
  <system-out/>
</testsuite> <!-- tests.Homepage.ValidateExceptionLeavesPendingActions -->
