<?xml version="1.0" encoding="UTF-8"?>
<!-- Generated by org.testng.reporters.JUnitReportReporter -->
<testsuite hostname="LMPITSJ8NH6Q3" failures="0" tests="4" name="tests.myDetails.MyException" time="22.102" errors="0" timestamp="2022-11-21T14:30:06 IST" skipped="0">
  <testcase classname="tests.myDetails.MyException" name="validateMyExceptionPage" time="9.182"/>
  <system-out/>
  <testcase classname="tests.myDetails.MyException" name="validateMyExceptionList" time="2.767"/>
  <system-out/>
  <testcase classname="tests.myDetails.MyException" name="validateIconCount" time="10.152"/>
  <system-out/>
  <testcase classname="tests.myDetails.MyException" name="validateHPUAStatus" time="0.001"/>
  <system-out/>
</testsuite> <!-- tests.myDetails.MyException -->
