<?xml version="1.0" encoding="UTF-8"?>
<!-- Generated by org.testng.reporters.JUnitReportReporter -->
<testsuite hostname="LMPITSJ8NH6Q3" failures="0" tests="8" name="tests.mainMyLeaves.myLeaves.leavePlan.LeavePlan" time="142.859" errors="0" timestamp="2022-12-09T17:28:25 IST" skipped="0">
  <testcase classname="tests.mainMyLeaves.myLeaves.leavePlan.LeavePlan" name="validateMyLeaves" time="7.926"/>
  <system-out/>
  <testcase classname="tests.mainMyLeaves.myLeaves.leavePlan.LeavePlan" name="validateLeavePlanFlow" time="8.592"/>
  <system-out/>
  <testcase classname="tests.mainMyLeaves.myLeaves.leavePlan.LeavePlan" name="validateCalendor" time="1.142"/>
  <system-out/>
  <testcase classname="tests.mainMyLeaves.myLeaves.leavePlan.LeavePlan" name="validateStatusOfSubmittedRequest" time="2.059"/>
  <system-out/>
  <testcase classname="tests.mainMyLeaves.myLeaves.leavePlan.LeavePlan" name="validateUserLogout" time="8.459"/>
  <system-out/>
  <testcase classname="tests.mainMyLeaves.myLeaves.leavePlan.LeavePlan" name="validateManagerLoginApproval" time="53.786"/>
  <system-out/>
  <testcase classname="tests.mainMyLeaves.myLeaves.leavePlan.LeavePlan" name="validateManagerLogout" time="7.732"/>
  <system-out/>
  <testcase classname="tests.mainMyLeaves.myLeaves.leavePlan.LeavePlan" name="validateUserAppliedLeaveReq" time="53.163"/>
  <system-out/>
</testsuite> <!-- tests.mainMyLeaves.myLeaves.leavePlan.LeavePlan -->
