<?xml version="1.0" encoding="UTF-8"?>
<!-- Generated by org.testng.reporters.JUnitReportReporter -->
<testsuite hostname="LMPITSJ8NH6Q3" failures="0" tests="1" name="tests.Homepage.ValidateHomepage" time="17.373" errors="0" timestamp="2022-11-10T13:53:21 IST" skipped="0">
  <testcase classname="tests.Homepage.ValidateHomepage" name="homepageElements" time="17.373"/>
  <system-out/>
</testsuite> <!-- tests.Homepage.ValidateHomepage -->
