<?xml version="1.0" encoding="UTF-8"?>
<!-- Generated by org.testng.reporters.JUnitReportReporter -->
<testsuite hostname="LMPITSJ8NH6Q3" failures="0" tests="9" name="tests.myDetails.MyHolidayList" time="87.210" errors="0" timestamp="2022-12-12T14:11:44 IST" skipped="0">
  <testcase classname="tests.myDetails.MyHolidayList" name="myHolidayList" time="26.648"/>
  <system-out/>
  <testcase classname="tests.myDetails.MyHolidayList" name="validateMyHolidayList" time="2.137"/>
  <system-out/>
  <testcase classname="tests.myDetails.MyHolidayList" name="validateYellowHolidays" time="0.044"/>
  <system-out/>
  <testcase classname="tests.myDetails.MyHolidayList" name="validateSelectedHolidays" time="2.306"/>
  <system-out/>
  <testcase classname="tests.myDetails.MyHolidayList" name="validateSubmittedHolidayList" time="0.000"/>
  <system-out/>
  <testcase classname="tests.myDetails.MyHolidayList" name="validateUserLogout" time="7.818"/>
  <system-out/>
  <testcase classname="tests.myDetails.MyHolidayList" name="validateMgrHolidayReqFlow" time="26.506"/>
  <system-out/>
  <testcase classname="tests.myDetails.MyHolidayList" name="validateManagerLogout" time="8.030"/>
  <system-out/>
  <testcase classname="tests.myDetails.MyHolidayList" name="validateUserAppliedHolidays" time="13.721"/>
  <system-out/>
</testsuite> <!-- tests.myDetails.MyHolidayList -->
