<?xml version="1.0" encoding="UTF-8"?>
<!-- Generated by org.testng.reporters.JUnitReportReporter -->
<testsuite hostname="LMPITSJ8NH6Q3" failures="0" tests="1" name="tests.mainMyLeaves.myLeaves.MyLeave" time="30.634" errors="0" timestamp="2022-11-11T22:47:43 IST" skipped="0">
  <testcase classname="tests.mainMyLeaves.myLeaves.MyLeave" name="validateMyLeave" time="30.634"/>
  <system-out/>
</testsuite> <!-- tests.mainMyLeaves.myLeaves.MyLeave -->
