<?xml version="1.0" encoding="UTF-8"?>
<!-- Generated by org.testng.reporters.JUnitReportReporter -->
<testsuite hostname="LMPITSJ8NH6Q3" failures="0" tests="1" name="tests.mainMyLeaves.myReports.MyReports" time="39.196" errors="0" timestamp="2022-11-13T19:33:23 IST" skipped="0">
  <testcase classname="tests.mainMyLeaves.myReports.MyReports" name="validateMyReports" time="39.196"/>
  <system-out/>
</testsuite> <!-- tests.mainMyLeaves.myReports.MyReports -->
