<?xml version="1.0" encoding="UTF-8"?>
<!-- Generated by org.testng.reporters.JUnitReportReporter -->
<testsuite hostname="DESKTOP-5TCP881" failures="0" tests="1" name="tests.managerTest.myTeam.teamExceptionsList.MyTeamExceptionListTest" time="46.155" errors="0" timestamp="2022-12-15T18:28:13 IST" skipped="0">
  <testcase classname="tests.managerTest.myTeam.teamExceptionsList.MyTeamExceptionListTest" name="validateMyTeamExceptionList1" time="46.155"/>
  <system-out/>
</testsuite> <!-- tests.managerTest.myTeam.teamExceptionsList.MyTeamExceptionListTest -->
