<?xml version="1.0" encoding="UTF-8"?>
<!-- Generated by org.testng.reporters.JUnitReportReporter -->
<testsuite hostname="LMPITSJ8NH6Q3" failures="0" tests="6" name="tests.myDetails.MyHolidayList" time="84.762" errors="0" timestamp="2022-12-03T11:33:53 IST" skipped="0">
  <testcase classname="tests.myDetails.MyHolidayList" name="myHolidayList" time="20.320"/>
  <system-out/>
  <testcase classname="tests.myDetails.MyHolidayList" name="validateMyHolidayList" time="4.550"/>
  <system-out/>
  <testcase classname="tests.myDetails.MyHolidayList" name="validateUserLogout" time="7.092"/>
  <system-out/>
  <testcase classname="tests.myDetails.MyHolidayList" name="validateMgrHolidayReqFlow" time="27.901"/>
  <system-out/>
  <testcase classname="tests.myDetails.MyHolidayList" name="validateManagerLogout" time="10.975"/>
  <system-out/>
  <testcase classname="tests.myDetails.MyHolidayList" name="validateUserAppliedHolidays" time="13.924"/>
  <system-out/>
</testsuite> <!-- tests.myDetails.MyHolidayList -->
