<?xml version="1.0" encoding="UTF-8"?>
<!-- Generated by org.testng.reporters.JUnitReportReporter -->
<testsuite hostname="LMPITSJ8NH6Q3" failures="0" tests="1" name="tests.managerMyTeamApproval.pendingHolidayRequest.MgrHolidayApprovalTest" time="18.586" errors="0" timestamp="2022-12-07T14:17:12 IST" skipped="0">
  <testcase classname="tests.managerMyTeamApproval.pendingHolidayRequest.MgrHolidayApprovalTest" name="validateholidayReq" time="18.586"/>
  <system-out/>
</testsuite> <!-- tests.managerMyTeamApproval.pendingHolidayRequest.MgrHolidayApprovalTest -->
