<?xml version="1.0" encoding="UTF-8"?>
<!-- Generated by org.testng.reporters.JUnitReportReporter -->
<testsuite hostname="LMPITSJ8NH6Q3" failures="0" tests="1" name="tests.mainMyLeaves.myLeaves.LeaveBalance" time="32.253" errors="0" timestamp="2022-11-12T18:07:28 IST" skipped="0">
  <testcase classname="tests.mainMyLeaves.myLeaves.LeaveBalance" name="validateLeaveBalance" time="32.253"/>
  <system-out/>
</testsuite> <!-- tests.mainMyLeaves.myLeaves.LeaveBalance -->
