<?xml version="1.0" encoding="UTF-8"?>
<!-- Generated by org.testng.reporters.JUnitReportReporter -->
<testsuite hostname="LMPITSJ8NH6Q3" failures="0" tests="9" name="tests.mainMyLeaves.myLeaves.leavePlan.LeavePlan" time="47.391" errors="1" timestamp="2022-12-11T19:29:23 IST" skipped="8">
  <testcase classname="tests.mainMyLeaves.myLeaves.leavePlan.LeavePlan" name="initialize" time="47.391">
    <error message="unknown error: net::ERR_CONNECTION_TIMED_OUT
  (Session info: chrome=108.0.5359.99)
Build info: version: &#039;4.6.0&#039;, revision: &#039;79f1c02ae20&#039;
System info: os.name: &#039;Windows 11&#039;, os.arch: &#039;amd64&#039;, os.version: &#039;10.0&#039;, java.version: &#039;17.0.4.1&#039;
Driver info: org.openqa.selenium.chrome.ChromeDriver
Command: [3c12ce6d50e2b0e4c633af2c314aa09f, get {url=https://ams-in.capita.co.in/Mypage/Home.aspx}]
Capabilities {acceptInsecureCerts: false, browserName: chrome, browserVersion: 108.0.5359.99, chrome: {chromedriverVersion: 108.0.5359.71 (1e0e3868ee06..., userDataDir: C:\Users\P50096~1\AppData\L...}, goog:chromeOptions: {debuggerAddress: localhost:59072}, networkConnectionEnabled: false, pageLoadStrategy: normal, platformName: WINDOWS, proxy: Proxy(), se:cdp: ws://localhost:59072/devtoo..., se:cdpVersion: 108.0.5359.99, setWindowRect: true, strictFileInteractability: false, timeouts: {implicit: 0, pageLoad: 300000, script: 30000}, unhandledPromptBehavior: dismiss and notify, webauthn:extension:credBlob: true, webauthn:extension:largeBlob: true, webauthn:virtualAuthenticators: true}
Session ID: 3c12ce6d50e2b0e4c633af2c314aa09f" type="org.openqa.selenium.WebDriverException">
      <![CDATA[org.openqa.selenium.WebDriverException: unknown error: net::ERR_CONNECTION_TIMED_OUT
  (Session info: chrome=108.0.5359.99)
Build info: version: '4.6.0', revision: '79f1c02ae20'
System info: os.name: 'Windows 11', os.arch: 'amd64', os.version: '10.0', java.version: '17.0.4.1'
Driver info: org.openqa.selenium.chrome.ChromeDriver
Command: [3c12ce6d50e2b0e4c633af2c314aa09f, get {url=https://ams-in.capita.co.in/Mypage/Home.aspx}]
Capabilities {acceptInsecureCerts: false, browserName: chrome, browserVersion: 108.0.5359.99, chrome: {chromedriverVersion: 108.0.5359.71 (1e0e3868ee06..., userDataDir: C:\Users\P50096~1\AppData\L...}, goog:chromeOptions: {debuggerAddress: localhost:59072}, networkConnectionEnabled: false, pageLoadStrategy: normal, platformName: WINDOWS, proxy: Proxy(), se:cdp: ws://localhost:59072/devtoo..., se:cdpVersion: 108.0.5359.99, setWindowRect: true, strictFileInteractability: false, timeouts: {implicit: 0, pageLoad: 300000, script: 30000}, unhandledPromptBehavior: dismiss and notify, webauthn:extension:credBlob: true, webauthn:extension:largeBlob: true, webauthn:virtualAuthenticators: true}
Session ID: 3c12ce6d50e2b0e4c633af2c314aa09f
at java.base/jdk.internal.reflect.NativeConstructorAccessorImpl.newInstance0(Native Method)
at java.base/jdk.internal.reflect.NativeConstructorAccessorImpl.newInstance(NativeConstructorAccessorImpl.java:77)
at java.base/jdk.internal.reflect.DelegatingConstructorAccessorImpl.newInstance(DelegatingConstructorAccessorImpl.java:45)
at java.base/java.lang.reflect.Constructor.newInstanceWithCaller(Constructor.java:499)
at java.base/java.lang.reflect.Constructor.newInstance(Constructor.java:480)
at org.openqa.selenium.remote.codec.w3c.W3CHttpResponseCodec.createException(W3CHttpResponseCodec.java:200)
at org.openqa.selenium.remote.codec.w3c.W3CHttpResponseCodec.decode(W3CHttpResponseCodec.java:133)
at org.openqa.selenium.remote.codec.w3c.W3CHttpResponseCodec.decode(W3CHttpResponseCodec.java:53)
at org.openqa.selenium.remote.HttpCommandExecutor.execute(HttpCommandExecutor.java:184)
at org.openqa.selenium.remote.service.DriverCommandExecutor.invokeExecute(DriverCommandExecutor.java:167)
at org.openqa.selenium.remote.service.DriverCommandExecutor.execute(DriverCommandExecutor.java:142)
at org.openqa.selenium.remote.RemoteWebDriver.execute(RemoteWebDriver.java:541)
at org.openqa.selenium.remote.RemoteWebDriver.get(RemoteWebDriver.java:310)
at resources.BaseTest.initializeDriver(BaseTest.java:28)
at tests.LoginTest.LoginPage.validatelogin(LoginPage.java:59)
at tests.mainMyLeaves.myLeaves.leavePlan.LeavePlan.initialize(LeavePlan.java:55)
at java.base/jdk.internal.reflect.NativeMethodAccessorImpl.invoke0(Native Method)
at java.base/jdk.internal.reflect.NativeMethodAccessorImpl.invoke(NativeMethodAccessorImpl.java:77)
at java.base/jdk.internal.reflect.DelegatingMethodAccessorImpl.invoke(DelegatingMethodAccessorImpl.java:43)
at java.base/java.lang.reflect.Method.invoke(Method.java:568)
at org.testng.internal.MethodInvocationHelper.invokeMethod(MethodInvocationHelper.java:133)
at org.testng.internal.MethodInvocationHelper.invokeMethodConsideringTimeout(MethodInvocationHelper.java:62)
at org.testng.internal.ConfigInvoker.invokeConfigurationMethod(ConfigInvoker.java:385)
at org.testng.internal.ConfigInvoker.invokeConfigurations(ConfigInvoker.java:321)
at org.testng.TestRunner.invokeTestConfigurations(TestRunner.java:637)
at org.testng.TestRunner.beforeRun(TestRunner.java:627)
at org.testng.TestRunner.run(TestRunner.java:589)
at org.testng.SuiteRunner.runTest(SuiteRunner.java:377)
at org.testng.SuiteRunner.runSequentially(SuiteRunner.java:371)
at org.testng.SuiteRunner.privateRun(SuiteRunner.java:332)
at org.testng.SuiteRunner.run(SuiteRunner.java:276)
at org.testng.SuiteRunnerWorker.runSuite(SuiteRunnerWorker.java:53)
at org.testng.SuiteRunnerWorker.run(SuiteRunnerWorker.java:96)
at org.testng.TestNG.runSuitesSequentially(TestNG.java:1212)
at org.testng.TestNG.runSuitesLocally(TestNG.java:1134)
at org.testng.TestNG.runSuites(TestNG.java:1063)
at org.testng.TestNG.run(TestNG.java:1031)
at org.testng.remote.AbstractRemoteTestNG.run(AbstractRemoteTestNG.java:115)
at org.testng.remote.RemoteTestNG.initAndRun(RemoteTestNG.java:251)
at org.testng.remote.RemoteTestNG.main(RemoteTestNG.java:77)
]]>
    </error>
  </testcase> <!-- initialize -->
  <system-out/>
  <testcase classname="tests.mainMyLeaves.myLeaves.leavePlan.LeavePlan" name="validateMyLeaves" time="0.000">
    <skipped/>
  </testcase> <!-- validateMyLeaves -->
  <system-out/>
  <testcase classname="tests.mainMyLeaves.myLeaves.leavePlan.LeavePlan" name="validateLeavePlanFlow" time="0.000">
    <skipped/>
  </testcase> <!-- validateLeavePlanFlow -->
  <system-out/>
  <testcase classname="tests.mainMyLeaves.myLeaves.leavePlan.LeavePlan" name="validateCalendor" time="0.000">
    <skipped/>
  </testcase> <!-- validateCalendor -->
  <system-out/>
  <testcase classname="tests.mainMyLeaves.myLeaves.leavePlan.LeavePlan" name="validateStatusOfSubmittedRequest" time="0.000">
    <skipped/>
  </testcase> <!-- validateStatusOfSubmittedRequest -->
  <system-out/>
  <testcase classname="tests.mainMyLeaves.myLeaves.leavePlan.LeavePlan" name="validateUserLogout" time="0.000">
    <skipped/>
  </testcase> <!-- validateUserLogout -->
  <system-out/>
  <testcase classname="tests.mainMyLeaves.myLeaves.leavePlan.LeavePlan" name="validateManagerLoginApproval" time="0.000">
    <skipped/>
  </testcase> <!-- validateManagerLoginApproval -->
  <system-out/>
  <testcase classname="tests.mainMyLeaves.myLeaves.leavePlan.LeavePlan" name="validateManagerLogout" time="0.000">
    <skipped/>
  </testcase> <!-- validateManagerLogout -->
  <system-out/>
  <testcase classname="tests.mainMyLeaves.myLeaves.leavePlan.LeavePlan" name="validateUserAppliedLeaveReq" time="0.000">
    <skipped/>
  </testcase> <!-- validateUserAppliedLeaveReq -->
  <system-out/>
</testsuite> <!-- tests.mainMyLeaves.myLeaves.leavePlan.LeavePlan -->
