<?xml version="1.0" encoding="UTF-8"?>
<!-- Generated by org.testng.reporters.JUnitReportReporter -->
<testsuite hostname="DESKTOP-5TCP881" failures="0" tests="1" name="tests.managerTest.myTeam.teamExceptionsList.MyTeamExceptionListTest" time="79.171" errors="0" timestamp="2022-12-16T10:38:15 IST" skipped="0">
  <testcase classname="tests.managerTest.myTeam.teamExceptionsList.MyTeamExceptionListTest" name="validateMyTeamExceptionList1" time="79.171"/>
  <system-out/>
</testsuite> <!-- tests.managerTest.myTeam.teamExceptionsList.MyTeamExceptionListTest -->
