<?xml version="1.0" encoding="UTF-8"?>
<!-- Generated by org.testng.reporters.JUnitReportReporter -->
<testsuite hostname="LMPITSJ8NH6Q3" failures="0" tests="1" name="tests.Homepage.managerHomepageTests.MgrExceptionLeavesPendingActions" time="0.134" errors="0" timestamp="2022-12-07T17:46:43 IST" skipped="0">
  <testcase classname="tests.Homepage.managerHomepageTests.MgrExceptionLeavesPendingActions" name="validateMgrExceptionPendingAction" time="0.134"/>
  <system-out/>
</testsuite> <!-- tests.Homepage.managerHomepageTests.MgrExceptionLeavesPendingActions -->
