<?xml version="1.0" encoding="UTF-8"?>
<!-- Generated by org.testng.reporters.JUnitReportReporter -->
<testsuite hostname="LMPITSJ8NH6Q3" failures="0" tests="2" name="tests.managerMyTeamApproval.pendingException.MgrPendingExceptionsTest" time="21.765" errors="0" timestamp="2022-12-08T14:36:57 IST" skipped="0">
  <testcase classname="tests.managerMyTeamApproval.pendingException.MgrPendingExceptionsTest" name="validateMgrEmpDetails" time="11.657"/>
  <system-out/>
  <testcase classname="tests.managerMyTeamApproval.pendingException.MgrPendingExceptionsTest" name="validateManagerException1" time="10.108"/>
  <system-out/>
</testsuite> <!-- tests.managerMyTeamApproval.pendingException.MgrPendingExceptionsTest -->
