<?xml version="1.0" encoding="UTF-8"?>
<!-- Generated by org.testng.reporters.JUnitReportReporter -->
<testsuite hostname="LMPITSJ8NH6Q3" failures="0" tests="4" name="tests.mainMyLeaves.myLeaves.LeavePlan" time="27.421" errors="0" timestamp="2022-11-29T18:08:30 IST" skipped="0">
  <testcase classname="tests.mainMyLeaves.myLeaves.LeavePlan" name="validateMyLeaves" time="13.098"/>
  <system-out/>
  <testcase classname="tests.mainMyLeaves.myLeaves.LeavePlan" name="validateLeavePlanFlow" time="10.836"/>
  <system-out/>
  <testcase classname="tests.mainMyLeaves.myLeaves.LeavePlan" name="validateCalendor" time="1.266"/>
  <system-out/>
  <testcase classname="tests.mainMyLeaves.myLeaves.LeavePlan" name="validateStatusOfSubmittedRequest" time="2.221"/>
  <system-out/>
</testsuite> <!-- tests.mainMyLeaves.myLeaves.LeavePlan -->
