<?xml version="1.0" encoding="UTF-8"?>
<!-- Generated by org.testng.reporters.JUnitReportReporter -->
<testsuite hostname="LMPITSJ8NH6Q3" failures="0" tests="1" name="tests.userMannual.AMSFAQs" time="30.200" errors="0" timestamp="2022-11-18T11:44:41 IST" skipped="0">
  <testcase classname="tests.userMannual.AMSFAQs" name="validateAMSFAQs" time="30.200"/>
  <system-out/>
</testsuite> <!-- tests.userMannual.AMSFAQs -->
