<?xml version="1.0" encoding="UTF-8"?>
<!-- Generated by org.testng.reporters.JUnitReportReporter -->
<testsuite hostname="DESKTOP-5TCP881" failures="0" tests="1" name="tests.mainMyLeaves.myLeaves.dummyfortest" time="11.768" errors="0" timestamp="2022-12-20T19:33:02 IST" skipped="0">
  <testcase classname="tests.mainMyLeaves.myLeaves.dummyfortest" name="ValidatePrivilegeLeavePL" time="11.768"/>
  <system-out/>
</testsuite> <!-- tests.mainMyLeaves.myLeaves.dummyfortest -->
