<?xml version="1.0" encoding="UTF-8"?>
<!-- Generated by org.testng.reporters.JUnitReportReporter -->
<testsuite hostname="LMPITSJ8NH6Q3" failures="0" tests="1" name="tests.mainMyLeaves.myCalendar.MyCalendar" time="12.326" errors="0" timestamp="2022-11-27T00:24:06 IST" skipped="0">
  <testcase classname="tests.mainMyLeaves.myCalendar.MyCalendar" name="validateCalendar" time="12.326"/>
  <system-out/>
</testsuite> <!-- tests.mainMyLeaves.myCalendar.MyCalendar -->
