<?xml version="1.0" encoding="UTF-8"?>
<!-- Generated by org.testng.reporters.JUnitReportReporter -->
<testsuite hostname="LMPITSJ8NH6Q3" failures="0" tests="1" name="tests.mainMyLeaves.leaveException.LeaveException" time="40.081" errors="0" timestamp="2022-11-14T21:22:00 IST" skipped="0">
  <testcase classname="tests.mainMyLeaves.leaveException.LeaveException" name="validateleaveException" time="40.081"/>
  <system-out/>
</testsuite> <!-- tests.mainMyLeaves.leaveException.LeaveException -->
