<?xml version="1.0" encoding="UTF-8"?>
<!-- Generated by org.testng.reporters.JUnitReportReporter -->
<testsuite hostname="LMPITSJ8NH6Q3" failures="0" tests="8" name="tests.mainMyLeaves.myLeaves.leavePlan.LeavePlan" time="102.418" errors="0" timestamp="2022-12-06T23:11:49 IST" skipped="0">
  <testcase classname="tests.mainMyLeaves.myLeaves.leavePlan.LeavePlan" name="validateMyLeaves" time="7.968"/>
  <system-out/>
  <testcase classname="tests.mainMyLeaves.myLeaves.leavePlan.LeavePlan" name="validateLeavePlanFlow" time="8.775"/>
  <system-out/>
  <testcase classname="tests.mainMyLeaves.myLeaves.leavePlan.LeavePlan" name="validateCalendor" time="1.161"/>
  <system-out/>
  <testcase classname="tests.mainMyLeaves.myLeaves.leavePlan.LeavePlan" name="validateStatusOfSubmittedRequest" time="2.070"/>
  <system-out/>
  <testcase classname="tests.mainMyLeaves.myLeaves.leavePlan.LeavePlan" name="validateUserLogout" time="9.509"/>
  <system-out/>
  <testcase classname="tests.mainMyLeaves.myLeaves.leavePlan.LeavePlan" name="validateManagerLoginApproval" time="49.749"/>
  <system-out/>
  <testcase classname="tests.mainMyLeaves.myLeaves.leavePlan.LeavePlan" name="validateManagerLogout" time="8.154"/>
  <system-out/>
  <testcase classname="tests.mainMyLeaves.myLeaves.leavePlan.LeavePlan" name="validateUserAppliedLeaveReq" time="15.032"/>
  <system-out/>
</testsuite> <!-- tests.mainMyLeaves.myLeaves.leavePlan.LeavePlan -->
