<?xml version="1.0" encoding="UTF-8"?>
<!-- Generated by org.testng.reporters.JUnitReportReporter -->
<testsuite hostname="LMPITSJ8NH6Q3" failures="0" tests="6" name="tests.Homepage.RegularizeAttendance" time="68.791" errors="0" timestamp="2022-12-08T10:29:49 IST" skipped="1">
  <testcase classname="tests.Homepage.RegularizeAttendance" name="activeAttendance" time="8.741"/>
  <system-out/>
  <testcase classname="tests.Homepage.RegularizeAttendance" name="validateUserLogout" time="8.375"/>
  <system-out/>
  <testcase classname="tests.Homepage.RegularizeAttendance" name="validateMgrPendingExceptionFlow" time="27.159"/>
  <system-out/>
  <testcase classname="tests.Homepage.RegularizeAttendance" name="validateManagerLogout" time="7.061"/>
  <system-out/>
  <testcase classname="tests.Homepage.RegularizeAttendance" name="validateUserAppliedAttendance" time="17.455"/>
  <system-out/>
  <testcase classname="tests.Homepage.RegularizeAttendance" name="historicalAttendance">
    <skipped/>
  </testcase> <!-- historicalAttendance -->
  <system-out/>
</testsuite> <!-- tests.Homepage.RegularizeAttendance -->
