<?xml version="1.0" encoding="UTF-8"?>
<!-- Generated by org.testng.reporters.JUnitReportReporter -->
<testsuite hostname="DESKTOP-5TCP881" failures="0" tests="1" name="tests.mainMyLeaves.myLeaves.MyLeave" time="16.398" errors="0" timestamp="2022-12-19T18:01:45 IST" skipped="0">
  <testcase classname="tests.mainMyLeaves.myLeaves.MyLeave" name="validateMyLeave" time="16.398"/>
  <system-out/>
</testsuite> <!-- tests.mainMyLeaves.myLeaves.MyLeave -->
