<?xml version="1.0" encoding="UTF-8"?>
<!-- Generated by org.testng.reporters.JUnitReportReporter -->
<testsuite hostname="LMPITSJ8NH6Q3" failures="0" tests="1" name="tests.mainMyLeaves.myCalendar.MyCalendar" time="55.267" errors="0" timestamp="2022-11-18T18:47:42 IST" skipped="0">
  <testcase classname="tests.mainMyLeaves.myCalendar.MyCalendar" name="validateCalendar" time="55.267"/>
  <system-out/>
</testsuite> <!-- tests.mainMyLeaves.myCalendar.MyCalendar -->
