<?xml version="1.0" encoding="UTF-8"?>
<!-- Generated by org.testng.reporters.JUnitReportReporter -->
<testsuite hostname="LMPITSJ8NH6Q3" failures="0" tests="1" name="tests.managerMyTeamApproval.pendingLeaveRequest.pendingException.MgrPendingExceptionsTest" time="4.441" errors="0" timestamp="2022-11-30T21:51:51 IST" skipped="0">
  <testcase classname="tests.managerMyTeamApproval.pendingLeaveRequest.pendingException.MgrPendingExceptionsTest" name="validateManagerException" time="4.441"/>
  <system-out/>
</testsuite> <!-- tests.managerMyTeamApproval.pendingLeaveRequest.pendingException.MgrPendingExceptionsTest -->
