<?xml version="1.0" encoding="UTF-8"?>
<!-- Generated by org.testng.reporters.JUnitReportReporter -->
<testsuite hostname="LMPITSJ8NH6Q3" failures="0" tests="2" name="tests.managerMyTeamApproval.pendingLeaveRequest.MgrMyTeamLeaveRequestTest" time="10.069" errors="0" timestamp="2022-12-06T15:55:35 IST" skipped="0">
  <testcase classname="tests.managerMyTeamApproval.pendingLeaveRequest.MgrMyTeamLeaveRequestTest" name="validateMyTeamLeaveRequest" time="0.002"/>
  <system-out/>
  <testcase classname="tests.managerMyTeamApproval.pendingLeaveRequest.MgrMyTeamLeaveRequestTest" name="validateManagerMyPendingAction" time="10.067"/>
  <system-out/>
</testsuite> <!-- tests.managerMyTeamApproval.pendingLeaveRequest.MgrMyTeamLeaveRequestTest -->
