<?xml version="1.0" encoding="UTF-8"?>
<!-- Generated by org.testng.reporters.JUnitReportReporter -->
<testsuite hostname="DESKTOP-5TCP881" failures="0" tests="13" name="tests.mainMyLeaves.myLeaves.MyLeave" time="523.921" errors="0" timestamp="2022-12-20T18:59:29 IST" skipped="0">
  <testcase classname="tests.mainMyLeaves.myLeaves.MyLeave" name="validateUserDetails" time="17.287"/>
  <system-out/>
  <testcase classname="tests.mainMyLeaves.myLeaves.MyLeave" name="ValidatePrivilegeLeavePL" time="43.500"/>
  <system-out/>
  <testcase classname="tests.mainMyLeaves.myLeaves.MyLeave" name="ValidateCasualLeaveCL" time="29.012"/>
  <system-out/>
  <testcase classname="tests.mainMyLeaves.myLeaves.MyLeave" name="ValidateAdoptionLeaveAL" time="43.393"/>
  <system-out/>
  <testcase classname="tests.mainMyLeaves.myLeaves.MyLeave" name="ValidateBereavementLEaveBL" time="43.336"/>
  <system-out/>
  <testcase classname="tests.mainMyLeaves.myLeaves.MyLeave" name="ValidateCSRActivitiesLeaveCAL" time="43.429"/>
  <system-out/>
  <testcase classname="tests.mainMyLeaves.myLeaves.MyLeave" name="ValidateFiveForFive" time="43.425"/>
  <system-out/>
  <testcase classname="tests.mainMyLeaves.myLeaves.MyLeave" name="ValidateFiveForTen" time="43.401"/>
  <system-out/>
  <testcase classname="tests.mainMyLeaves.myLeaves.MyLeave" name="ValidateGiftOfLeaveGOL" time="43.439"/>
  <system-out/>
  <testcase classname="tests.mainMyLeaves.myLeaves.MyLeave" name="ValidatePatenityLeave" time="43.414"/>
  <system-out/>
  <testcase classname="tests.mainMyLeaves.myLeaves.MyLeave" name="ValidateRegulatoryLeave" time="43.460"/>
  <system-out/>
  <testcase classname="tests.mainMyLeaves.myLeaves.MyLeave" name="ValidateSabbaticalLeaveSBL" time="43.435"/>
  <system-out/>
  <testcase classname="tests.mainMyLeaves.myLeaves.MyLeave" name="ValidateStudyLeaveACE" time="43.390"/>
  <system-out/>
</testsuite> <!-- tests.mainMyLeaves.myLeaves.MyLeave -->
