<?xml version="1.0" encoding="UTF-8"?>
<!-- Generated by org.testng.reporters.JUnitReportReporter -->
<testsuite hostname="LMPITSJ8NH6Q3" failures="0" tests="1" name="tests.userMannual.AMSManual" time="25.637" errors="0" timestamp="2022-11-18T11:26:07 IST" skipped="0">
  <testcase classname="tests.userMannual.AMSManual" name="ValidateAMSManualDownload" time="25.637"/>
  <system-out/>
</testsuite> <!-- tests.userMannual.AMSManual -->
