<?xml version="1.0" encoding="UTF-8"?>
<!-- Generated by org.testng.reporters.JUnitReportReporter -->
<testsuite hostname="LMPITSJ8NH6Q3" failures="0" tests="3" name="tests.myDetails.myException.MyExceptionHistory" time="18.119" errors="0" timestamp="2022-11-26T21:02:23 IST" skipped="0">
  <testcase classname="tests.myDetails.myException.MyExceptionHistory" name="validateMyExcepHist" time="5.519"/>
  <system-out/>
  <testcase classname="tests.myDetails.myException.MyExceptionHistory" name="validateException" time="8.109"/>
  <system-out/>
  <testcase classname="tests.myDetails.myException.MyExceptionHistory" name="validateExceptionHistoryStatus" time="4.491"/>
  <system-out/>
</testsuite> <!-- tests.myDetails.myException.MyExceptionHistory -->
