<?xml version="1.0" encoding="UTF-8"?>
<!-- Generated by org.testng.reporters.JUnitReportReporter -->
<testsuite hostname="LMPITSJ8NH6Q3" failures="0" tests="2" name="tests.ValidateHomepageLinks" time="16.825" errors="0" timestamp="2022-11-07T10:09:48 IST" skipped="1">
  <testcase classname="tests.ValidateHomepageLinks" name="homepageLink" time="16.825"/>
  <system-out/>
  <testcase classname="tests.ValidateHomepageLinks" name="validateRightPanelText">
    <skipped/>
  </testcase> <!-- validateRightPanelText -->
  <system-out/>
</testsuite> <!-- tests.ValidateHomepageLinks -->
