<?xml version="1.0" encoding="UTF-8"?>
<!-- Generated by org.testng.reporters.JUnitReportReporter -->
<testsuite hostname="LMPITSJ8NH6Q3" failures="0" tests="3" name="tests.Homepage.ValidateExceptionLeavesPendingActions" time="13.727" errors="0" timestamp="2022-12-10T12:32:09 IST" skipped="0">
  <testcase classname="tests.Homepage.ValidateExceptionLeavesPendingActions" name="validateMyException" time="13.444"/>
  <system-out/>
  <testcase classname="tests.Homepage.ValidateExceptionLeavesPendingActions" name="validatePendingLeave" time="0.167"/>
  <system-out/>
  <testcase classname="tests.Homepage.ValidateExceptionLeavesPendingActions" name="validateMyPendingAction" time="0.116"/>
  <system-out/>
</testsuite> <!-- tests.Homepage.ValidateExceptionLeavesPendingActions -->
