<?xml version="1.0" encoding="UTF-8"?>
<!-- Generated by org.testng.reporters.JUnitReportReporter -->
<testsuite hostname="LMPITSJ8NH6Q3" failures="0" tests="1" name="tests.mainMyLeaves.myLeavesPage.MyLeavesPage" time="7.008" errors="0" timestamp="2022-11-22T14:56:28 IST" skipped="0">
  <testcase classname="tests.mainMyLeaves.myLeavesPage.MyLeavesPage" name="validateMyLeavesPage" time="7.008"/>
  <system-out/>
</testsuite> <!-- tests.mainMyLeaves.myLeavesPage.MyLeavesPage -->
